[debug] > Exec(early(addDefaultCommands), None, None)
[debug] > Exec(addDefaultCommands, None, None)
[debug] > Exec(early(initialize), None, None)
[debug] > Exec(initialize, None, None)
[debug] > Exec(early(addPluginSbtFile="""C:\Users\OMISTAJA\AppData\Local\Temp\idea.sbt"""), None, None)
[debug] > Exec(addPluginSbtFile="""C:\Users\OMISTAJA\AppData\Local\Temp\idea.sbt""", None, None)
[debug] > Exec(boot, None, None)
[debug] > Exec(writeSbtVersion, None, None)
[debug] > Exec(reload, None, None)
[debug] > Exec(sbtStashOnFailure, None, None)
[debug] > Exec(onFailure loadFailed, None, None)
[debug] > Exec(loadp, None, None)
[info] welcome to sbt 1.9.8 (Amazon.com Inc. Java 17.0.8.1)
[debug]       Load.loadUnit: plugins took 230.2724ms
[debug]       Load.loadUnit: defsScala took 0.7233ms
[debug] [Loading] Scanning directory C:\Users\OMISTAJA\.sbt\1.0\plugins
[debug] [Loading] Found non-root projects 
[debug] [Loading] Done in C:\Users\OMISTAJA\.sbt\1.0\plugins, returning: ()
[debug] deducing auto plugins based on known facts Set(Atom(sbt.plugins.CorePlugin)) and clauses Clauses(Clause(Atom(sbt.plugins.JvmPlugin),Set(Atom(sbt.plugins.IvyPlugin)))
[debug] Clause(Atom(sbt.ScriptedPlugin),Set(Atom(sbt.plugins.JvmPlugin)))
[debug] Clause(Atom(sbt.plugins.SbtPlugin),Set(Atom(sbt.ScriptedPlugin)))
[debug] Clause(Atom(sbt.plugins.SemanticdbPlugin),Set(Atom(sbt.plugins.JvmPlugin)))
[debug] Clause(Atom(sbt.plugins.JUnitXmlReportPlugin),Set(Atom(sbt.plugins.JvmPlugin)))
[debug] Clause(Atom(sbt.plugins.MiniDependencyTreePlugin),Set(Atom(sbt.plugins.JvmPlugin)))
[debug] Clause(Atom(sbt.plugins.CorePlugin),Set(Atom(sbt.plugins.IvyPlugin)))
[debug] Clause(Atom(sbt.plugins.IvyPlugin),Set(Atom(sbt.plugins.JvmPlugin)))
[debug] Clause(Atom(sbt.plugins.JvmPlugin),Set(Atom(sbt.plugins.SemanticdbPlugin)))
[debug] Clause(Atom(sbt.plugins.JvmPlugin),Set(Atom(sbt.plugins.JUnitXmlReportPlugin)))
[debug] Clause(Atom(sbt.plugins.CorePlugin),Set(Atom(sbt.plugins.Giter8TemplatePlugin)))
[debug] Clause(Atom(sbt.plugins.JvmPlugin),Set(Atom(sbt.plugins.MiniDependencyTreePlugin))))
[debug]   :: deduced result: Matched(sbt.plugins.CorePlugin,sbt.plugins.Giter8TemplatePlugin,sbt.plugins.IvyPlugin,sbt.plugins.JvmPlugin,sbt.plugins.MiniDependencyTreePlugin,sbt.plugins.JUnitXmlReportPlugin,sbt.plugins.SemanticdbPlugin)
[debug] Plugins.deducer#function took 32.7367 ms
[debug]           Load.resolveProject(global-plugins) took 93.7035ms
[debug]         Load.loadTransitive: finalizeProject(Project(id global-plugins, base: C:\Users\OMISTAJA\.sbt\1.0\plugins, plugins: List(<none>))) took 173.8916ms
[debug] [Loading] Done in C:\Users\OMISTAJA\.sbt\1.0\plugins, returning: (global-plugins)
[debug]       Load.loadUnit: loadedProjectsRaw took 224.3756ms
[debug]       Load.loadUnit: cleanEvalClasses took 0.5044ms
[debug]     Load.loadUnit(file:/C:/Users/OMISTAJA/.sbt/1.0/plugins/, ...) took 476.0887ms
[debug]   Load.apply: load took 827.2381ms
[debug]   Load.apply: resolveProjects took 9.491ms
[debug]   Load.apply: finalTransforms took 120.8838ms
[debug]   Load.apply: config.delegates took 14.2874ms
[debug]   Load.apply: Def.make(settings)... took 762.2696ms
[debug]   Load.apply: structureIndex took 188.7928ms
[debug]   Load.apply: mkStreams took 4.8488ms
[info] loading global plugins from C:\Users\OMISTAJA\.sbt\1.0\plugins
[debug] Running task... Cancel: Signal, check cycles: false, forcegc: true
[debug] Load.defaultLoad until apply took 16412.8972ms
[debug]           Load.loadUnit: plugins took 54.3202ms
[debug]           Load.loadUnit: defsScala took 0.0062ms
[debug] [Loading] Scanning directory C:\Users\OMISTAJA\OneDrive\IdeaProjects\Kasino\project
[debug]             Load.loadUnit: mkEval took 10.5952ms
[debug] [Loading] Found non-root projects 
[debug] [Loading] Done in C:\Users\OMISTAJA\OneDrive\IdeaProjects\Kasino\project, returning: ()
[debug] deducing auto plugins based on known facts Set(Atom(sbt.plugins.CorePlugin)) and clauses Clauses(Clause(Atom(sbt.plugins.JvmPlugin),Set(Atom(sbt.plugins.IvyPlugin)))
[debug] Clause(Atom(sbt.ScriptedPlugin),Set(Atom(sbt.plugins.JvmPlugin)))
[debug] Clause(Atom(sbt.plugins.SbtPlugin),Set(Atom(sbt.ScriptedPlugin)))
[debug] Clause(Atom(sbt.plugins.SemanticdbPlugin),Set(Atom(sbt.plugins.JvmPlugin)))
[debug] Clause(Atom(sbt.plugins.JUnitXmlReportPlugin),Set(Atom(sbt.plugins.JvmPlugin)))
[debug] Clause(Atom(sbt.plugins.MiniDependencyTreePlugin),Set(Atom(sbt.plugins.JvmPlugin)))
[debug] Clause(Atom(sbt.plugins.CorePlugin),Set(Atom(sbt.plugins.IvyPlugin)))
[debug] Clause(Atom(sbt.plugins.IvyPlugin),Set(Atom(sbt.plugins.JvmPlugin)))
[debug] Clause(Atom(sbt.plugins.JvmPlugin),Set(Atom(sbt.plugins.SemanticdbPlugin)))
[debug] Clause(Atom(sbt.plugins.JvmPlugin),Set(Atom(sbt.plugins.JUnitXmlReportPlugin)))
[debug] Clause(Atom(sbt.plugins.CorePlugin),Set(Atom(sbt.plugins.Giter8TemplatePlugin)))
[debug] Clause(Atom(sbt.plugins.JvmPlugin),Set(Atom(sbt.plugins.MiniDependencyTreePlugin))))
[debug]   :: deduced result: Matched(sbt.plugins.CorePlugin,sbt.plugins.Giter8TemplatePlugin,sbt.plugins.IvyPlugin,sbt.plugins.JvmPlugin,sbt.plugins.MiniDependencyTreePlugin,sbt.plugins.JUnitXmlReportPlugin,sbt.plugins.SemanticdbPlugin)
[debug] Plugins.deducer#function took 2.663 ms
[info] loading settings for project kasino-build from idea.sbt ...
[debug]               Load.resolveProject(kasino-build) took 11.2158ms
[debug]             Load.loadTransitive: finalizeProject(Project(id kasino-build, base: C:\Users\OMISTAJA\OneDrive\IdeaProjects\Kasino\project, plugins: List(<none>))) took 14.5528ms
[debug] [Loading] Done in C:\Users\OMISTAJA\OneDrive\IdeaProjects\Kasino\project, returning: (kasino-build)
[debug]           Load.loadUnit: loadedProjectsRaw took 261.2385ms
[debug]           Load.loadUnit: cleanEvalClasses took 12.6763ms
[debug]         Load.loadUnit(file:/C:/Users/OMISTAJA/OneDrive/IdeaProjects/Kasino/project/, ...) took 329.8598ms
[debug]       Load.apply: load took 333.1548ms
[debug]       Load.apply: resolveProjects took 0.173ms
[debug]       Load.apply: finalTransforms took 18.048ms
[debug]       Load.apply: config.delegates took 0.6167ms
[debug]       Load.apply: Def.make(settings)... took 141.9928ms
[debug]       Load.apply: structureIndex took 60.5417ms
[debug]       Load.apply: mkStreams took 0.0031ms
[info] loading project definition from C:\Users\OMISTAJA\OneDrive\IdeaProjects\Kasino\project
[debug] Running task... Cancel: Signal, check cycles: false, forcegc: true
[warn] Unrecognized repository Scala Plugin Bundled Repository, ignoring it
[warn] Unrecognized repository Scala Plugin Bundled Repository, ignoring it
[debug]     Load.loadUnit: plugins took 2117.5805ms
[debug]     Load.loadUnit: defsScala took 0.0047ms
[debug] [Loading] Scanning directory C:\Users\OMISTAJA\OneDrive\IdeaProjects\Kasino
[debug]       Load.loadUnit: mkEval took 0.6571ms
[debug] [Loading] Found root project root w/ remaining 
[debug] deducing auto plugins based on known facts Set(Atom(sbt.plugins.CorePlugin)) and clauses Clauses(Clause(Atom(sbt.plugins.JvmPlugin),Set(Atom(sbt.plugins.IvyPlugin)))
[debug] Clause(Atom(sbt.ScriptedPlugin),Set(Atom(sbt.plugins.JvmPlugin)))
[debug] Clause(Atom(sbt.plugins.SbtPlugin),Set(Atom(sbt.ScriptedPlugin)))
[debug] Clause(Atom(sbt.plugins.SemanticdbPlugin),Set(Atom(sbt.plugins.JvmPlugin)))
[debug] Clause(Atom(sbt.plugins.JUnitXmlReportPlugin),Set(Atom(sbt.plugins.JvmPlugin)))
[debug] Clause(Atom(sbt.plugins.MiniDependencyTreePlugin),Set(Atom(sbt.plugins.JvmPlugin)))
[debug] Clause(Atom(org.jetbrains.sbt.StructurePlugin),Set(Atom(sbt.plugins.JvmPlugin)))
[debug] Clause(Atom(org.jetbrains.sbt.IdeaShellPlugin),Set(Atom(sbt.plugins.JvmPlugin)))
[debug] Clause(Atom(org.jetbrains.sbt.indices.SbtIntellijIndicesPlugin),Set(Atom(sbt.plugins.JvmPlugin)))
[debug] Clause(Atom(sbt.plugins.CorePlugin),Set(Atom(sbt.plugins.IvyPlugin)))
[debug] Clause(Atom(sbt.plugins.IvyPlugin),Set(Atom(sbt.plugins.JvmPlugin)))
[debug] Clause(Atom(sbt.plugins.JvmPlugin),Set(Atom(sbt.plugins.SemanticdbPlugin)))
[debug] Clause(Atom(sbt.plugins.JvmPlugin),Set(Atom(sbt.plugins.JUnitXmlReportPlugin)))
[debug] Clause(Atom(sbt.plugins.CorePlugin),Set(Atom(sbt.plugins.Giter8TemplatePlugin)))
[debug] Clause(Atom(sbt.plugins.JvmPlugin),Set(Atom(sbt.plugins.MiniDependencyTreePlugin)))
[debug] Clause(Atom(sbt.plugins.JvmPlugin),Set(Atom(org.jetbrains.sbt.StructurePlugin)))
[debug] Clause(Atom(sbt.plugins.JvmPlugin),Set(Atom(org.jetbrains.sbt.IdeaShellPlugin)))
[debug] Clause(And(Set(Atom(sbt.plugins.CorePlugin), Atom(sbt.plugins.JvmPlugin))),Set(Atom(org.jetbrains.sbt.indices.SbtIntellijIndicesPlugin))))
[debug]   :: deduced result: Matched(sbt.plugins.CorePlugin,sbt.plugins.Giter8TemplatePlugin,sbt.plugins.IvyPlugin,sbt.plugins.JvmPlugin,sbt.plugins.SemanticdbPlugin,org.jetbrains.sbt.indices.SbtIntellijIndicesPlugin,sbt.plugins.JUnitXmlReportPlugin,org.jetbrains.sbt.IdeaShellPlugin,org.jetbrains.sbt.StructurePlugin,sbt.plugins.MiniDependencyTreePlugin)
[debug] Plugins.deducer#function took 7.4259 ms
[info] loading settings for project root from build.sbt ...
[debug]         Load.resolveProject(root) took 293.4007ms
[debug]       Load.loadTransitive: finalizeProject(Project(id root, base: C:\Users\OMISTAJA\OneDrive\IdeaProjects\Kasino, plugins: List(<none>))) took 304.3016ms
[debug] [Loading] Done in C:\Users\OMISTAJA\OneDrive\IdeaProjects\Kasino, returning: (root)
[debug]     Load.loadUnit: loadedProjectsRaw took 603.9117ms
[debug]     Load.loadUnit: cleanEvalClasses took 93.8652ms
[debug]   Load.loadUnit(file:/C:/Users/OMISTAJA/OneDrive/IdeaProjects/Kasino/, ...) took 2828.1108ms
[debug] Load.apply: load took 2832.2936ms
[debug] Load.apply: resolveProjects took 0.2163ms
[debug] Load.apply: finalTransforms took 142.1452ms
[debug] Load.apply: config.delegates took 0.5259ms
[debug] Load.apply: Def.make(settings)... took 356.3936ms
[debug] Load.apply: structureIndex took 87.2992ms
[debug] Load.apply: mkStreams took 0.0035ms
[info] set current project to Kasino (in build file:/C:/Users/OMISTAJA/OneDrive/IdeaProjects/Kasino/)
[debug] > Exec(sbtPopOnFailure, None, None)
[debug] > Exec(resumeFromFailure, None, None)
[debug] > Exec(notifyUsersAboutShell, None, None)
[debug] > Exec(iflast shell, None, None)
[debug] > Exec(; set ideaPort in Global := 65403 ; idea-shell, None, None)
[debug] > Exec(set ideaPort in Global := 65403, None, None)
[info] Defining Global / ideaPort
[info] The new value will be used by Compile / compile, Test / compile
[debug] Defining 
[debug] 	Global / ideaPort
[debug] 
[debug] The new value will be used by 
[debug] 	Compile / compile
[debug] 	Test / compile
[info] Reapplying settings...
[info] set current project to Kasino (in build file:/C:/Users/OMISTAJA/OneDrive/IdeaProjects/Kasino/)
[debug] > Exec(idea-shell, None, None)
